2023-04-28 09:15:54.390  INFO 9228 --- [restartedMain] kr.co.voard.VoardApplication             : Starting VoardApplication using Java 17.0.5 on DESKTOP-8N3GG4O with PID 9228 (C:\Users\java1\Desktop\workspace\SpringBoot\Voard\target\classes started by java1 in C:\Users\java1\Desktop\workspace\SpringBoot\Voard)
2023-04-28 09:15:54.393  INFO 9228 --- [restartedMain] kr.co.voard.VoardApplication             : No active profile set, falling back to 1 default profile: "default"
2023-04-28 09:15:54.427  INFO 9228 --- [restartedMain] .e.DevToolsPropertyDefaultsPostProcessor : Devtools property defaults active! Set 'spring.devtools.add-properties' to 'false' to disable
2023-04-28 09:15:54.427  INFO 9228 --- [restartedMain] .e.DevToolsPropertyDefaultsPostProcessor : For additional web related logging consider setting the 'logging.level.web' property to 'DEBUG'
2023-04-28 09:15:54.877  INFO 9228 --- [restartedMain] .s.d.r.c.RepositoryConfigurationDelegate : Bootstrapping Spring Data JPA repositories in DEFAULT mode.
2023-04-28 09:15:54.920  INFO 9228 --- [restartedMain] .s.d.r.c.RepositoryConfigurationDelegate : Finished Spring Data repository scanning in 36 ms. Found 1 JPA repository interfaces.
2023-04-28 09:15:55.370  INFO 9228 --- [restartedMain] o.s.b.w.embedded.tomcat.TomcatWebServer  : Tomcat initialized with port(s): 8484 (http)
2023-04-28 09:15:55.378  INFO 9228 --- [restartedMain] o.apache.catalina.core.StandardService   : Starting service [Tomcat]
2023-04-28 09:15:55.378  INFO 9228 --- [restartedMain] org.apache.catalina.core.StandardEngine  : Starting Servlet engine: [Apache Tomcat/9.0.73]
2023-04-28 09:15:55.440  INFO 9228 --- [restartedMain] o.a.c.c.C.[Tomcat].[localhost].[/]       : Initializing Spring embedded WebApplicationContext
2023-04-28 09:15:55.440  INFO 9228 --- [restartedMain] w.s.c.ServletWebServerApplicationContext : Root WebApplicationContext: initialization completed in 1013 ms
2023-04-28 09:15:55.572  INFO 9228 --- [restartedMain] o.hibernate.jpa.internal.util.LogHelper  : HHH000204: Processing PersistenceUnitInfo [name: default]
2023-04-28 09:15:55.622  INFO 9228 --- [restartedMain] org.hibernate.Version                    : HHH000412: Hibernate ORM core version 5.6.15.Final
2023-04-28 09:15:55.750  INFO 9228 --- [restartedMain] o.hibernate.annotations.common.Version   : HCANN000001: Hibernate Commons Annotations {5.1.2.Final}
2023-04-28 09:15:55.833  INFO 9228 --- [restartedMain] com.zaxxer.hikari.HikariDataSource       : HikariPool-1 - Starting...
2023-04-28 09:15:56.064  INFO 9228 --- [restartedMain] com.zaxxer.hikari.HikariDataSource       : HikariPool-1 - Start completed.
2023-04-28 09:15:56.088  INFO 9228 --- [restartedMain] org.hibernate.dialect.Dialect            : HHH000400: Using dialect: org.hibernate.dialect.MySQL8Dialect
2023-04-28 09:15:56.531  INFO 9228 --- [restartedMain] o.h.e.t.j.p.i.JtaPlatformInitiator       : HHH000490: Using JtaPlatform implementation: [org.hibernate.engine.transaction.jta.platform.internal.NoJtaPlatform]
2023-04-28 09:15:56.538  INFO 9228 --- [restartedMain] j.LocalContainerEntityManagerFactoryBean : Initialized JPA EntityManagerFactory for persistence unit 'default'
2023-04-28 09:15:56.980  INFO 9228 --- [restartedMain] o.s.s.web.DefaultSecurityFilterChain     : Will secure any request with [org.springframework.security.web.session.DisableEncodeUrlFilter@3410ea7e, org.springframework.security.web.context.request.async.WebAsyncManagerIntegrationFilter@13f71581, org.springframework.security.web.context.SecurityContextPersistenceFilter@b2f54bd, org.springframework.security.web.header.HeaderWriterFilter@7a7e8f50, org.springframework.security.web.authentication.logout.LogoutFilter@73c3c16b, kr.co.voard.jwt.JwtAuthenticationFilter@397d9282, org.springframework.security.web.savedrequest.RequestCacheAwareFilter@7f158dc2, org.springframework.security.web.servletapi.SecurityContextHolderAwareRequestFilter@d4ea1c8, org.springframework.security.web.authentication.AnonymousAuthenticationFilter@2e7d47fa, org.springframework.security.web.session.SessionManagementFilter@7e9d376d, org.springframework.security.web.access.ExceptionTranslationFilter@54d445a2]
2023-04-28 09:15:57.005  WARN 9228 --- [restartedMain] JpaBaseConfiguration$JpaWebConfiguration : spring.jpa.open-in-view is enabled by default. Therefore, database queries may be performed during view rendering. Explicitly configure spring.jpa.open-in-view to disable this warning
2023-04-28 09:15:57.100  INFO 9228 --- [restartedMain] o.s.b.a.w.s.WelcomePageHandlerMapping    : Adding welcome page: class path resource [static/index.html]
2023-04-28 09:15:57.227  INFO 9228 --- [restartedMain] o.s.b.d.a.OptionalLiveReloadServer       : LiveReload server is running on port 35729
2023-04-28 09:15:57.254  INFO 9228 --- [restartedMain] o.s.b.w.embedded.tomcat.TomcatWebServer  : Tomcat started on port(s): 8484 (http) with context path ''
2023-04-28 09:15:57.260  INFO 9228 --- [restartedMain] kr.co.voard.VoardApplication             : Started VoardApplication in 3.17 seconds (JVM running for 3.703)
2023-04-28 09:17:55.531  INFO 9228 --- [RMI TCP Connection(4)-127.0.0.1] inMXBeanRegistrar$SpringApplicationAdmin : Application shutdown requested.
2023-04-28 09:17:55.538  INFO 9228 --- [RMI TCP Connection(4)-127.0.0.1] o.apache.catalina.core.StandardService   : Stopping service [Tomcat]
2023-04-28 09:17:55.541  WARN 9228 --- [RMI TCP Connection(4)-127.0.0.1] o.a.c.loader.WebappClassLoaderBase       : The web application [ROOT] appears to have started a thread named [HikariPool-1 housekeeper] but has failed to stop it. This is very likely to create a memory leak. Stack trace of thread:
 java.base@17.0.5/jdk.internal.misc.Unsafe.park(Native Method)
 java.base@17.0.5/java.util.concurrent.locks.LockSupport.parkNanos(LockSupport.java:252)
 java.base@17.0.5/java.util.concurrent.locks.AbstractQueuedSynchronizer$ConditionObject.awaitNanos(AbstractQueuedSynchronizer.java:1672)
 java.base@17.0.5/java.util.concurrent.ScheduledThreadPoolExecutor$DelayedWorkQueue.take(ScheduledThreadPoolExecutor.java:1182)
 java.base@17.0.5/java.util.concurrent.ScheduledThreadPoolExecutor$DelayedWorkQueue.take(ScheduledThreadPoolExecutor.java:899)
 java.base@17.0.5/java.util.concurrent.ThreadPoolExecutor.getTask(ThreadPoolExecutor.java:1062)
 java.base@17.0.5/java.util.concurrent.ThreadPoolExecutor.runWorker(ThreadPoolExecutor.java:1122)
 java.base@17.0.5/java.util.concurrent.ThreadPoolExecutor$Worker.run(ThreadPoolExecutor.java:635)
 java.base@17.0.5/java.lang.Thread.run(Thread.java:833)
2023-04-28 09:17:55.545  INFO 9228 --- [RMI TCP Connection(4)-127.0.0.1] j.LocalContainerEntityManagerFactoryBean : Closing JPA EntityManagerFactory for persistence unit 'default'
2023-04-28 09:17:55.547  INFO 9228 --- [RMI TCP Connection(4)-127.0.0.1] com.zaxxer.hikari.HikariDataSource       : HikariPool-1 - Shutdown initiated...
2023-04-28 09:17:55.552  INFO 9228 --- [RMI TCP Connection(4)-127.0.0.1] com.zaxxer.hikari.HikariDataSource       : HikariPool-1 - Shutdown completed.
2023-04-28 09:28:07.841  INFO 13912 --- [main] kr.co.voard.VoardApplicationTests        : Starting VoardApplicationTests using Java 17.0.5 on DESKTOP-8N3GG4O with PID 13912 (started by java1 in C:\Users\java1\Desktop\workspace\SpringBoot\Voard)
2023-04-28 09:28:07.842  INFO 13912 --- [main] kr.co.voard.VoardApplicationTests        : No active profile set, falling back to 1 default profile: "default"
2023-04-28 09:28:08.348  INFO 13912 --- [main] .s.d.r.c.RepositoryConfigurationDelegate : Bootstrapping Spring Data JPA repositories in DEFAULT mode.
2023-04-28 09:28:08.393  INFO 13912 --- [main] .s.d.r.c.RepositoryConfigurationDelegate : Finished Spring Data repository scanning in 37 ms. Found 1 JPA repository interfaces.
2023-04-28 09:28:08.914  INFO 13912 --- [main] o.hibernate.jpa.internal.util.LogHelper  : HHH000204: Processing PersistenceUnitInfo [name: default]
2023-04-28 09:28:08.954  INFO 13912 --- [main] org.hibernate.Version                    : HHH000412: Hibernate ORM core version 5.6.15.Final
2023-04-28 09:28:09.079  INFO 13912 --- [main] o.hibernate.annotations.common.Version   : HCANN000001: Hibernate Commons Annotations {5.1.2.Final}
2023-04-28 09:28:09.198  INFO 13912 --- [main] com.zaxxer.hikari.HikariDataSource       : HikariPool-1 - Starting...
2023-04-28 09:28:09.490  INFO 13912 --- [main] com.zaxxer.hikari.HikariDataSource       : HikariPool-1 - Start completed.
2023-04-28 09:28:09.515  INFO 13912 --- [main] org.hibernate.dialect.Dialect            : HHH000400: Using dialect: org.hibernate.dialect.MySQL8Dialect
2023-04-28 09:28:09.947  INFO 13912 --- [main] o.h.e.t.j.p.i.JtaPlatformInitiator       : HHH000490: Using JtaPlatform implementation: [org.hibernate.engine.transaction.jta.platform.internal.NoJtaPlatform]
2023-04-28 09:28:09.954  INFO 13912 --- [main] j.LocalContainerEntityManagerFactoryBean : Initialized JPA EntityManagerFactory for persistence unit 'default'
2023-04-28 09:28:10.584  INFO 13912 --- [main] o.s.s.web.DefaultSecurityFilterChain     : Will secure any request with [org.springframework.security.web.session.DisableEncodeUrlFilter@477e5b69, org.springframework.security.web.context.request.async.WebAsyncManagerIntegrationFilter@7da6d695, org.springframework.security.web.context.SecurityContextPersistenceFilter@2041c9a3, org.springframework.security.web.header.HeaderWriterFilter@2c9aeec6, org.springframework.security.web.authentication.logout.LogoutFilter@7e58b0f6, kr.co.voard.jwt.JwtAuthenticationFilter@4e782401, org.springframework.security.web.savedrequest.RequestCacheAwareFilter@52a2e2fb, org.springframework.security.web.servletapi.SecurityContextHolderAwareRequestFilter@549404e7, org.springframework.security.web.authentication.AnonymousAuthenticationFilter@74a991cf, org.springframework.security.web.session.SessionManagementFilter@400d1c30, org.springframework.security.web.access.ExceptionTranslationFilter@1221d607]
2023-04-28 09:28:10.733  WARN 13912 --- [main] JpaBaseConfiguration$JpaWebConfiguration : spring.jpa.open-in-view is enabled by default. Therefore, database queries may be performed during view rendering. Explicitly configure spring.jpa.open-in-view to disable this warning
2023-04-28 09:28:10.959  INFO 13912 --- [main] o.s.b.a.w.s.WelcomePageHandlerMapping    : Adding welcome page: class path resource [static/index.html]
2023-04-28 09:28:11.236  INFO 13912 --- [main] kr.co.voard.VoardApplicationTests        : Started VoardApplicationTests in 3.674 seconds (JVM running for 4.394)
2023-04-28 09:28:11.422  INFO 13912 --- [SpringApplicationShutdownHook] j.LocalContainerEntityManagerFactoryBean : Closing JPA EntityManagerFactory for persistence unit 'default'
2023-04-28 09:28:11.424  INFO 13912 --- [SpringApplicationShutdownHook] com.zaxxer.hikari.HikariDataSource       : HikariPool-1 - Shutdown initiated...
2023-04-28 09:28:11.437  INFO 13912 --- [SpringApplicationShutdownHook] com.zaxxer.hikari.HikariDataSource       : HikariPool-1 - Shutdown completed.
