2023-01-27 09:05:55.275  INFO 15528 --- [restartedMain] kr.co.farmstory.FarmstoryApplication     : Starting FarmstoryApplication using Java 11.0.15.1 on DESKTOP-8N3GG4O with PID 15528 (C:\Users\java1\Desktop\workspace\SpringBoot\Farmstory\out\production\classes started by java1 in C:\Users\java1\Desktop\workspace\SpringBoot\Farmstory)
2023-01-27 09:05:55.282  INFO 15528 --- [restartedMain] kr.co.farmstory.FarmstoryApplication     : No active profile set, falling back to 1 default profile: "default"
2023-01-27 09:05:55.324  INFO 15528 --- [restartedMain] .e.DevToolsPropertyDefaultsPostProcessor : Devtools property defaults active! Set 'spring.devtools.add-properties' to 'false' to disable
2023-01-27 09:05:55.324  INFO 15528 --- [restartedMain] .e.DevToolsPropertyDefaultsPostProcessor : For additional web related logging consider setting the 'logging.level.web' property to 'DEBUG'
2023-01-27 09:05:56.149  INFO 15528 --- [restartedMain] .s.d.r.c.RepositoryConfigurationDelegate : Bootstrapping Spring Data JPA repositories in DEFAULT mode.
2023-01-27 09:05:56.164  INFO 15528 --- [restartedMain] .s.d.r.c.RepositoryConfigurationDelegate : Finished Spring Data repository scanning in 6 ms. Found 0 JPA repository interfaces.
2023-01-27 09:05:56.279  WARN 15528 --- [restartedMain] o.m.s.mapper.ClassPathMapperScanner      : No MyBatis mapper was found in '[kr.co.farmstory]' package. Please check your configuration.
2023-01-27 09:05:56.722  INFO 15528 --- [restartedMain] o.s.b.w.embedded.tomcat.TomcatWebServer  : Tomcat initialized with port(s): 8181 (http)
2023-01-27 09:05:56.732  INFO 15528 --- [restartedMain] o.apache.catalina.core.StandardService   : Starting service [Tomcat]
2023-01-27 09:05:56.733  INFO 15528 --- [restartedMain] org.apache.catalina.core.StandardEngine  : Starting Servlet engine: [Apache Tomcat/9.0.71]
2023-01-27 09:05:56.806  INFO 15528 --- [restartedMain] o.a.c.c.C.[.[localhost].[/Farmstory]     : Initializing Spring embedded WebApplicationContext
2023-01-27 09:05:56.806  INFO 15528 --- [restartedMain] w.s.c.ServletWebServerApplicationContext : Root WebApplicationContext: initialization completed in 1481 ms
2023-01-27 09:05:56.991  INFO 15528 --- [restartedMain] o.hibernate.jpa.internal.util.LogHelper  : HHH000204: Processing PersistenceUnitInfo [name: default]
2023-01-27 09:05:57.051  INFO 15528 --- [restartedMain] org.hibernate.Version                    : HHH000412: Hibernate ORM core version 5.6.14.Final
2023-01-27 09:05:57.192  INFO 15528 --- [restartedMain] o.hibernate.annotations.common.Version   : HCANN000001: Hibernate Commons Annotations {5.1.2.Final}
2023-01-27 09:05:57.284  INFO 15528 --- [restartedMain] com.zaxxer.hikari.HikariDataSource       : HikariPool-1 - Starting...
2023-01-27 09:05:57.580  INFO 15528 --- [restartedMain] com.zaxxer.hikari.HikariDataSource       : HikariPool-1 - Start completed.
2023-01-27 09:05:57.595  INFO 15528 --- [restartedMain] org.hibernate.dialect.Dialect            : HHH000400: Using dialect: org.hibernate.dialect.MySQL8Dialect
2023-01-27 09:05:57.764  INFO 15528 --- [restartedMain] o.h.e.t.j.p.i.JtaPlatformInitiator       : HHH000490: Using JtaPlatform implementation: [org.hibernate.engine.transaction.jta.platform.internal.NoJtaPlatform]
2023-01-27 09:05:57.770  INFO 15528 --- [restartedMain] j.LocalContainerEntityManagerFactoryBean : Initialized JPA EntityManagerFactory for persistence unit 'default'
2023-01-27 09:05:57.817  WARN 15528 --- [restartedMain] JpaBaseConfiguration$JpaWebConfiguration : spring.jpa.open-in-view is enabled by default. Therefore, database queries may be performed during view rendering. Explicitly configure spring.jpa.open-in-view to disable this warning
2023-01-27 09:05:57.904  INFO 15528 --- [restartedMain] o.s.s.web.DefaultSecurityFilterChain     : Will secure any request with [org.springframework.security.web.session.DisableEncodeUrlFilter@1d42b7d5, org.springframework.security.web.context.request.async.WebAsyncManagerIntegrationFilter@3d90420a, org.springframework.security.web.context.SecurityContextPersistenceFilter@7b78817c, org.springframework.security.web.header.HeaderWriterFilter@4070d26f, org.springframework.security.web.authentication.logout.LogoutFilter@257a0ba4, org.springframework.security.web.savedrequest.RequestCacheAwareFilter@4abd4696, org.springframework.security.web.servletapi.SecurityContextHolderAwareRequestFilter@374f5317, org.springframework.security.web.authentication.AnonymousAuthenticationFilter@76e3ed6f, org.springframework.security.web.session.SessionManagementFilter@47b2ba11, org.springframework.security.web.access.ExceptionTranslationFilter@6de8505, org.springframework.security.web.access.intercept.FilterSecurityInterceptor@631973c0]
2023-01-27 09:05:58.011  INFO 15528 --- [restartedMain] o.s.b.a.w.s.WelcomePageHandlerMapping    : Adding welcome page template: index
2023-01-27 09:05:58.214  INFO 15528 --- [restartedMain] o.s.b.d.a.OptionalLiveReloadServer       : LiveReload server is running on port 35729
2023-01-27 09:05:58.237  INFO 15528 --- [restartedMain] o.s.b.w.embedded.tomcat.TomcatWebServer  : Tomcat started on port(s): 8181 (http) with context path '/Farmstory'
2023-01-27 09:05:58.246  INFO 15528 --- [restartedMain] kr.co.farmstory.FarmstoryApplication     : Started FarmstoryApplication in 3.303 seconds (JVM running for 4.0)
2023-01-27 09:06:01.518  INFO 15528 --- [http-nio-8181-exec-1] o.a.c.c.C.[.[localhost].[/Farmstory]     : Initializing Spring DispatcherServlet 'dispatcherServlet'
2023-01-27 09:06:01.520  INFO 15528 --- [http-nio-8181-exec-1] o.s.web.servlet.DispatcherServlet        : Initializing Servlet 'dispatcherServlet'
2023-01-27 09:06:01.521  INFO 15528 --- [http-nio-8181-exec-1] o.s.web.servlet.DispatcherServlet        : Completed initialization in 1 ms
2023-01-27 12:05:02.404  INFO 15528 --- [File Watcher] rtingClassPathChangeChangedEventListener : Restarting due to 9 class path changes (0 additions, 9 deletions, 0 modifications)
2023-01-27 12:05:02.451  INFO 15528 --- [Thread-5] o.apache.catalina.core.StandardService   : Stopping service [Tomcat]
2023-01-27 12:05:02.454  INFO 15528 --- [Thread-5] o.a.c.c.C.[.[localhost].[/Farmstory]     : Destroying Spring FrameworkServlet 'dispatcherServlet'
2023-01-27 12:05:02.465  INFO 15528 --- [Thread-5] j.LocalContainerEntityManagerFactoryBean : Closing JPA EntityManagerFactory for persistence unit 'default'
2023-01-27 12:05:02.470  INFO 15528 --- [Thread-5] com.zaxxer.hikari.HikariDataSource       : HikariPool-1 - Shutdown initiated...
2023-01-27 12:05:02.478  INFO 15528 --- [Thread-5] com.zaxxer.hikari.HikariDataSource       : HikariPool-1 - Shutdown completed.
2023-01-27 12:05:02.589  INFO 15528 --- [restartedMain] kr.co.farmstory.FarmstoryApplication     : Starting FarmstoryApplication using Java 11.0.15.1 on DESKTOP-8N3GG4O with PID 15528 (C:\Users\java1\Desktop\workspace\SpringBoot\Farmstory\out\production\classes started by java1 in C:\Users\java1\Desktop\workspace\SpringBoot\Farmstory)
2023-01-27 12:05:02.590  INFO 15528 --- [restartedMain] kr.co.farmstory.FarmstoryApplication     : No active profile set, falling back to 1 default profile: "default"
2023-01-27 12:05:02.821  INFO 15528 --- [restartedMain] .s.d.r.c.RepositoryConfigurationDelegate : Bootstrapping Spring Data JPA repositories in DEFAULT mode.
2023-01-27 12:05:02.824  INFO 15528 --- [restartedMain] .s.d.r.c.RepositoryConfigurationDelegate : Finished Spring Data repository scanning in 2 ms. Found 0 JPA repository interfaces.
2023-01-27 12:05:02.862  WARN 15528 --- [restartedMain] o.m.s.mapper.ClassPathMapperScanner      : No MyBatis mapper was found in '[kr.co.farmstory]' package. Please check your configuration.
2023-01-27 12:05:02.912  INFO 15528 --- [restartedMain] o.s.b.w.embedded.tomcat.TomcatWebServer  : Tomcat initialized with port(s): 8181 (http)
2023-01-27 12:05:02.913  INFO 15528 --- [restartedMain] o.apache.catalina.core.StandardService   : Starting service [Tomcat]
2023-01-27 12:05:02.913  INFO 15528 --- [restartedMain] org.apache.catalina.core.StandardEngine  : Starting Servlet engine: [Apache Tomcat/9.0.71]
2023-01-27 12:05:02.925  INFO 15528 --- [restartedMain] o.a.c.c.C.[.[localhost].[/Farmstory]     : Initializing Spring embedded WebApplicationContext
2023-01-27 12:05:02.925  INFO 15528 --- [restartedMain] w.s.c.ServletWebServerApplicationContext : Root WebApplicationContext: initialization completed in 331 ms
2023-01-27 12:05:02.951  INFO 15528 --- [restartedMain] o.hibernate.jpa.internal.util.LogHelper  : HHH000204: Processing PersistenceUnitInfo [name: default]
2023-01-27 12:05:02.956  INFO 15528 --- [restartedMain] com.zaxxer.hikari.HikariDataSource       : HikariPool-2 - Starting...
2023-01-27 12:05:02.969  INFO 15528 --- [restartedMain] com.zaxxer.hikari.HikariDataSource       : HikariPool-2 - Start completed.
2023-01-27 12:05:02.969  INFO 15528 --- [restartedMain] org.hibernate.dialect.Dialect            : HHH000400: Using dialect: org.hibernate.dialect.MySQL8Dialect
2023-01-27 12:05:02.982  INFO 15528 --- [restartedMain] o.h.e.t.j.p.i.JtaPlatformInitiator       : HHH000490: Using JtaPlatform implementation: [org.hibernate.engine.transaction.jta.platform.internal.NoJtaPlatform]
2023-01-27 12:05:02.983  INFO 15528 --- [restartedMain] j.LocalContainerEntityManagerFactoryBean : Initialized JPA EntityManagerFactory for persistence unit 'default'
2023-01-27 12:05:02.999  WARN 15528 --- [restartedMain] JpaBaseConfiguration$JpaWebConfiguration : spring.jpa.open-in-view is enabled by default. Therefore, database queries may be performed during view rendering. Explicitly configure spring.jpa.open-in-view to disable this warning
2023-01-27 12:05:03.011  INFO 15528 --- [restartedMain] o.s.s.web.DefaultSecurityFilterChain     : Will secure any request with [org.springframework.security.web.session.DisableEncodeUrlFilter@3a83496b, org.springframework.security.web.context.request.async.WebAsyncManagerIntegrationFilter@51c090a9, org.springframework.security.web.context.SecurityContextPersistenceFilter@31be8839, org.springframework.security.web.header.HeaderWriterFilter@19360455, org.springframework.security.web.authentication.logout.LogoutFilter@742002d7, org.springframework.security.web.savedrequest.RequestCacheAwareFilter@4043732e, org.springframework.security.web.servletapi.SecurityContextHolderAwareRequestFilter@697ed3df, org.springframework.security.web.authentication.AnonymousAuthenticationFilter@5bff65b4, org.springframework.security.web.session.SessionManagementFilter@35c6d400, org.springframework.security.web.access.ExceptionTranslationFilter@62c279d1, org.springframework.security.web.access.intercept.FilterSecurityInterceptor@2665a418]
2023-01-27 12:05:03.048  INFO 15528 --- [restartedMain] o.s.b.a.w.s.WelcomePageHandlerMapping    : Adding welcome page template: index
2023-01-27 12:05:03.105  INFO 15528 --- [restartedMain] o.s.b.d.a.OptionalLiveReloadServer       : LiveReload server is running on port 35729
2023-01-27 12:05:03.118  INFO 15528 --- [restartedMain] o.s.b.w.embedded.tomcat.TomcatWebServer  : Tomcat started on port(s): 8181 (http) with context path '/Farmstory'
2023-01-27 12:05:03.122  INFO 15528 --- [restartedMain] kr.co.farmstory.FarmstoryApplication     : Started FarmstoryApplication in 0.578 seconds (JVM running for 10746.9)
2023-01-27 12:05:03.124  INFO 15528 --- [restartedMain] .ConditionEvaluationDeltaLoggingListener : Condition evaluation unchanged
2023-01-27 12:05:04.569  INFO 15528 --- [File Watcher] rtingClassPathChangeChangedEventListener : Restarting due to 9 class path changes (9 additions, 0 deletions, 0 modifications)
2023-01-27 12:05:04.630  INFO 15528 --- [Thread-7] o.apache.catalina.core.StandardService   : Stopping service [Tomcat]
2023-01-27 12:05:04.636  INFO 15528 --- [Thread-7] j.LocalContainerEntityManagerFactoryBean : Closing JPA EntityManagerFactory for persistence unit 'default'
2023-01-27 12:05:04.637  INFO 15528 --- [Thread-7] com.zaxxer.hikari.HikariDataSource       : HikariPool-2 - Shutdown initiated...
2023-01-27 12:05:04.640  INFO 15528 --- [Thread-7] com.zaxxer.hikari.HikariDataSource       : HikariPool-2 - Shutdown completed.
2023-01-27 12:05:04.694  INFO 15528 --- [restartedMain] kr.co.farmstory.FarmstoryApplication     : Starting FarmstoryApplication using Java 11.0.15.1 on DESKTOP-8N3GG4O with PID 15528 (C:\Users\java1\Desktop\workspace\SpringBoot\Farmstory\out\production\classes started by java1 in C:\Users\java1\Desktop\workspace\SpringBoot\Farmstory)
2023-01-27 12:05:04.694  INFO 15528 --- [restartedMain] kr.co.farmstory.FarmstoryApplication     : No active profile set, falling back to 1 default profile: "default"
2023-01-27 12:05:04.827  INFO 15528 --- [restartedMain] .s.d.r.c.RepositoryConfigurationDelegate : Bootstrapping Spring Data JPA repositories in DEFAULT mode.
2023-01-27 12:05:04.829  INFO 15528 --- [restartedMain] .s.d.r.c.RepositoryConfigurationDelegate : Finished Spring Data repository scanning in 1 ms. Found 0 JPA repository interfaces.
2023-01-27 12:05:04.853  WARN 15528 --- [restartedMain] o.m.s.mapper.ClassPathMapperScanner      : No MyBatis mapper was found in '[kr.co.farmstory]' package. Please check your configuration.
2023-01-27 12:05:04.893  INFO 15528 --- [restartedMain] o.s.b.w.embedded.tomcat.TomcatWebServer  : Tomcat initialized with port(s): 8181 (http)
2023-01-27 12:05:04.893  INFO 15528 --- [restartedMain] o.apache.catalina.core.StandardService   : Starting service [Tomcat]
2023-01-27 12:05:04.893  INFO 15528 --- [restartedMain] org.apache.catalina.core.StandardEngine  : Starting Servlet engine: [Apache Tomcat/9.0.71]
2023-01-27 12:05:04.904  INFO 15528 --- [restartedMain] o.a.c.c.C.[.[localhost].[/Farmstory]     : Initializing Spring embedded WebApplicationContext
2023-01-27 12:05:04.905  INFO 15528 --- [restartedMain] w.s.c.ServletWebServerApplicationContext : Root WebApplicationContext: initialization completed in 209 ms
2023-01-27 12:05:04.924  INFO 15528 --- [restartedMain] o.hibernate.jpa.internal.util.LogHelper  : HHH000204: Processing PersistenceUnitInfo [name: default]
2023-01-27 12:05:04.928  INFO 15528 --- [restartedMain] com.zaxxer.hikari.HikariDataSource       : HikariPool-3 - Starting...
2023-01-27 12:05:04.939  INFO 15528 --- [restartedMain] com.zaxxer.hikari.HikariDataSource       : HikariPool-3 - Start completed.
2023-01-27 12:05:04.939  INFO 15528 --- [restartedMain] org.hibernate.dialect.Dialect            : HHH000400: Using dialect: org.hibernate.dialect.MySQL8Dialect
2023-01-27 12:05:04.949  INFO 15528 --- [restartedMain] o.h.e.t.j.p.i.JtaPlatformInitiator       : HHH000490: Using JtaPlatform implementation: [org.hibernate.engine.transaction.jta.platform.internal.NoJtaPlatform]
2023-01-27 12:05:04.949  INFO 15528 --- [restartedMain] j.LocalContainerEntityManagerFactoryBean : Initialized JPA EntityManagerFactory for persistence unit 'default'
2023-01-27 12:05:04.961  WARN 15528 --- [restartedMain] JpaBaseConfiguration$JpaWebConfiguration : spring.jpa.open-in-view is enabled by default. Therefore, database queries may be performed during view rendering. Explicitly configure spring.jpa.open-in-view to disable this warning
2023-01-27 12:05:04.970  INFO 15528 --- [restartedMain] o.s.s.web.DefaultSecurityFilterChain     : Will secure any request with [org.springframework.security.web.session.DisableEncodeUrlFilter@6b073aa1, org.springframework.security.web.context.request.async.WebAsyncManagerIntegrationFilter@5e1ef03b, org.springframework.security.web.context.SecurityContextPersistenceFilter@574058d2, org.springframework.security.web.header.HeaderWriterFilter@498e3450, org.springframework.security.web.authentication.logout.LogoutFilter@26775b64, org.springframework.security.web.savedrequest.RequestCacheAwareFilter@67ea1794, org.springframework.security.web.servletapi.SecurityContextHolderAwareRequestFilter@5f7e838d, org.springframework.security.web.authentication.AnonymousAuthenticationFilter@1defa72b, org.springframework.security.web.session.SessionManagementFilter@5c1e1d0d, org.springframework.security.web.access.ExceptionTranslationFilter@1a2547e1, org.springframework.security.web.access.intercept.FilterSecurityInterceptor@8cfddc4]
2023-01-27 12:05:04.995  INFO 15528 --- [restartedMain] o.s.b.a.w.s.WelcomePageHandlerMapping    : Adding welcome page template: index
2023-01-27 12:05:05.025  INFO 15528 --- [restartedMain] o.s.b.d.a.OptionalLiveReloadServer       : LiveReload server is running on port 35729
2023-01-27 12:05:05.032  INFO 15528 --- [restartedMain] o.s.b.w.embedded.tomcat.TomcatWebServer  : Tomcat started on port(s): 8181 (http) with context path '/Farmstory'
2023-01-27 12:05:05.035  INFO 15528 --- [restartedMain] kr.co.farmstory.FarmstoryApplication     : Started FarmstoryApplication in 0.362 seconds (JVM running for 10748.812)
2023-01-27 12:05:05.036  INFO 15528 --- [restartedMain] .ConditionEvaluationDeltaLoggingListener : Condition evaluation unchanged
2023-01-27 12:07:36.806  INFO 15528 --- [SpringApplicationShutdownHook] j.LocalContainerEntityManagerFactoryBean : Closing JPA EntityManagerFactory for persistence unit 'default'
2023-01-27 12:07:36.806  INFO 15528 --- [SpringApplicationShutdownHook] com.zaxxer.hikari.HikariDataSource       : HikariPool-3 - Shutdown initiated...
2023-01-27 12:07:36.810  INFO 15528 --- [SpringApplicationShutdownHook] com.zaxxer.hikari.HikariDataSource       : HikariPool-3 - Shutdown completed.
2023-01-27 12:14:52.918  INFO 4084 --- [restartedMain] kr.co.farmstory.FarmstoryApplication     : Starting FarmstoryApplication using Java 11.0.15.1 on DESKTOP-8N3GG4O with PID 4084 (C:\Users\java1\Desktop\workspace\SpringBoot\Farmstory\out\production\classes started by java1 in C:\Users\java1\Desktop\workspace\SpringBoot\Farmstory)
2023-01-27 12:14:52.919  INFO 4084 --- [restartedMain] kr.co.farmstory.FarmstoryApplication     : No active profile set, falling back to 1 default profile: "default"
2023-01-27 12:14:52.952  INFO 4084 --- [restartedMain] .e.DevToolsPropertyDefaultsPostProcessor : Devtools property defaults active! Set 'spring.devtools.add-properties' to 'false' to disable
2023-01-27 12:14:52.952  INFO 4084 --- [restartedMain] .e.DevToolsPropertyDefaultsPostProcessor : For additional web related logging consider setting the 'logging.level.web' property to 'DEBUG'
2023-01-27 12:14:53.411  INFO 4084 --- [restartedMain] .s.d.r.c.RepositoryConfigurationDelegate : Bootstrapping Spring Data JPA repositories in DEFAULT mode.
2023-01-27 12:14:53.422  INFO 4084 --- [restartedMain] .s.d.r.c.RepositoryConfigurationDelegate : Finished Spring Data repository scanning in 5 ms. Found 0 JPA repository interfaces.
2023-01-27 12:14:53.514  WARN 4084 --- [restartedMain] o.m.s.mapper.ClassPathMapperScanner      : No MyBatis mapper was found in '[kr.co.farmstory]' package. Please check your configuration.
2023-01-27 12:14:53.809  INFO 4084 --- [restartedMain] o.s.b.w.embedded.tomcat.TomcatWebServer  : Tomcat initialized with port(s): 8181 (http)
2023-01-27 12:14:53.814  INFO 4084 --- [restartedMain] o.apache.catalina.core.StandardService   : Starting service [Tomcat]
2023-01-27 12:14:53.814  INFO 4084 --- [restartedMain] org.apache.catalina.core.StandardEngine  : Starting Servlet engine: [Apache Tomcat/9.0.71]
2023-01-27 12:14:53.862  INFO 4084 --- [restartedMain] o.a.c.c.C.[.[localhost].[/Farmstory]     : Initializing Spring embedded WebApplicationContext
2023-01-27 12:14:53.862  INFO 4084 --- [restartedMain] w.s.c.ServletWebServerApplicationContext : Root WebApplicationContext: initialization completed in 909 ms
2023-01-27 12:14:53.975  INFO 4084 --- [restartedMain] o.hibernate.jpa.internal.util.LogHelper  : HHH000204: Processing PersistenceUnitInfo [name: default]
2023-01-27 12:14:54.001  INFO 4084 --- [restartedMain] org.hibernate.Version                    : HHH000412: Hibernate ORM core version 5.6.14.Final
2023-01-27 12:14:54.089  INFO 4084 --- [restartedMain] o.hibernate.annotations.common.Version   : HCANN000001: Hibernate Commons Annotations {5.1.2.Final}
2023-01-27 12:14:54.145  INFO 4084 --- [restartedMain] com.zaxxer.hikari.HikariDataSource       : HikariPool-1 - Starting...
2023-01-27 12:14:54.311  INFO 4084 --- [restartedMain] com.zaxxer.hikari.HikariDataSource       : HikariPool-1 - Start completed.
2023-01-27 12:14:54.323  INFO 4084 --- [restartedMain] org.hibernate.dialect.Dialect            : HHH000400: Using dialect: org.hibernate.dialect.MySQL8Dialect
2023-01-27 12:14:54.445  INFO 4084 --- [restartedMain] o.h.e.t.j.p.i.JtaPlatformInitiator       : HHH000490: Using JtaPlatform implementation: [org.hibernate.engine.transaction.jta.platform.internal.NoJtaPlatform]
2023-01-27 12:14:54.452  INFO 4084 --- [restartedMain] j.LocalContainerEntityManagerFactoryBean : Initialized JPA EntityManagerFactory for persistence unit 'default'
2023-01-27 12:14:54.488  WARN 4084 --- [restartedMain] JpaBaseConfiguration$JpaWebConfiguration : spring.jpa.open-in-view is enabled by default. Therefore, database queries may be performed during view rendering. Explicitly configure spring.jpa.open-in-view to disable this warning
2023-01-27 12:14:54.570  INFO 4084 --- [restartedMain] o.s.s.web.DefaultSecurityFilterChain     : Will secure any request with [org.springframework.security.web.session.DisableEncodeUrlFilter@7231d700, org.springframework.security.web.context.request.async.WebAsyncManagerIntegrationFilter@6d2108e2, org.springframework.security.web.context.SecurityContextPersistenceFilter@206614d2, org.springframework.security.web.header.HeaderWriterFilter@3a7f9c7a, org.springframework.security.web.authentication.logout.LogoutFilter@1c110886, org.springframework.security.web.savedrequest.RequestCacheAwareFilter@50a188e5, org.springframework.security.web.servletapi.SecurityContextHolderAwareRequestFilter@3f8750ad, org.springframework.security.web.authentication.AnonymousAuthenticationFilter@ee30036, org.springframework.security.web.session.SessionManagementFilter@794cf2e6, org.springframework.security.web.access.ExceptionTranslationFilter@feb2357, org.springframework.security.web.access.intercept.FilterSecurityInterceptor@2c19f2be]
2023-01-27 12:14:54.674  INFO 4084 --- [restartedMain] o.s.b.a.w.s.WelcomePageHandlerMapping    : Adding welcome page template: index
2023-01-27 12:14:54.872  INFO 4084 --- [restartedMain] o.s.b.d.a.OptionalLiveReloadServer       : LiveReload server is running on port 35729
2023-01-27 12:14:54.900  INFO 4084 --- [restartedMain] o.s.b.w.embedded.tomcat.TomcatWebServer  : Tomcat started on port(s): 8181 (http) with context path '/Farmstory'
2023-01-27 12:14:54.909  INFO 4084 --- [restartedMain] kr.co.farmstory.FarmstoryApplication     : Started FarmstoryApplication in 2.292 seconds (JVM running for 2.899)
2023-01-27 12:14:56.823  INFO 4084 --- [http-nio-8181-exec-1] o.a.c.c.C.[.[localhost].[/Farmstory]     : Initializing Spring DispatcherServlet 'dispatcherServlet'
2023-01-27 12:14:56.824  INFO 4084 --- [http-nio-8181-exec-1] o.s.web.servlet.DispatcherServlet        : Initializing Servlet 'dispatcherServlet'
2023-01-27 12:14:56.825  INFO 4084 --- [http-nio-8181-exec-1] o.s.web.servlet.DispatcherServlet        : Completed initialization in 1 ms
2023-01-27 12:48:53.842  INFO 4084 --- [File Watcher] rtingClassPathChangeChangedEventListener : Restarting due to 1 class path change (0 additions, 0 deletions, 1 modification)
2023-01-27 12:48:53.881  INFO 4084 --- [Thread-5] o.apache.catalina.core.StandardService   : Stopping service [Tomcat]
2023-01-27 12:48:53.883  INFO 4084 --- [Thread-5] o.a.c.c.C.[.[localhost].[/Farmstory]     : Destroying Spring FrameworkServlet 'dispatcherServlet'
2023-01-27 12:48:53.890  INFO 4084 --- [Thread-5] j.LocalContainerEntityManagerFactoryBean : Closing JPA EntityManagerFactory for persistence unit 'default'
2023-01-27 12:48:53.892  INFO 4084 --- [Thread-5] com.zaxxer.hikari.HikariDataSource       : HikariPool-1 - Shutdown initiated...
2023-01-27 12:48:53.897  INFO 4084 --- [Thread-5] com.zaxxer.hikari.HikariDataSource       : HikariPool-1 - Shutdown completed.
2023-01-27 12:48:53.962  INFO 4084 --- [restartedMain] kr.co.farmstory.FarmstoryApplication     : Starting FarmstoryApplication using Java 11.0.15.1 on DESKTOP-8N3GG4O with PID 4084 (C:\Users\java1\Desktop\workspace\SpringBoot\Farmstory\out\production\classes started by java1 in C:\Users\java1\Desktop\workspace\SpringBoot\Farmstory)
2023-01-27 12:48:53.963  INFO 4084 --- [restartedMain] kr.co.farmstory.FarmstoryApplication     : No active profile set, falling back to 1 default profile: "default"
2023-01-27 12:48:54.119  INFO 4084 --- [restartedMain] .s.d.r.c.RepositoryConfigurationDelegate : Bootstrapping Spring Data JPA repositories in DEFAULT mode.
2023-01-27 12:48:54.122  INFO 4084 --- [restartedMain] .s.d.r.c.RepositoryConfigurationDelegate : Finished Spring Data repository scanning in 2 ms. Found 0 JPA repository interfaces.
2023-01-27 12:48:54.150  WARN 4084 --- [restartedMain] o.m.s.mapper.ClassPathMapperScanner      : No MyBatis mapper was found in '[kr.co.farmstory]' package. Please check your configuration.
2023-01-27 12:48:54.188  INFO 4084 --- [restartedMain] o.s.b.w.embedded.tomcat.TomcatWebServer  : Tomcat initialized with port(s): 8181 (http)
2023-01-27 12:48:54.189  INFO 4084 --- [restartedMain] o.apache.catalina.core.StandardService   : Starting service [Tomcat]
2023-01-27 12:48:54.189  INFO 4084 --- [restartedMain] org.apache.catalina.core.StandardEngine  : Starting Servlet engine: [Apache Tomcat/9.0.71]
2023-01-27 12:48:54.203  INFO 4084 --- [restartedMain] o.a.c.c.C.[.[localhost].[/Farmstory]     : Initializing Spring embedded WebApplicationContext
2023-01-27 12:48:54.203  INFO 4084 --- [restartedMain] w.s.c.ServletWebServerApplicationContext : Root WebApplicationContext: initialization completed in 238 ms
2023-01-27 12:48:54.224  INFO 4084 --- [restartedMain] o.hibernate.jpa.internal.util.LogHelper  : HHH000204: Processing PersistenceUnitInfo [name: default]
2023-01-27 12:48:54.228  INFO 4084 --- [restartedMain] com.zaxxer.hikari.HikariDataSource       : HikariPool-2 - Starting...
2023-01-27 12:48:55.274 ERROR 4084 --- [restartedMain] com.zaxxer.hikari.pool.HikariPool        : HikariPool-2 - Exception during pool initialization.

java.sql.SQLException: Access denied for user 'root'@'61.34.107.92' (using password: NO)
	at com.mysql.cj.jdbc.exceptions.SQLError.createSQLException(SQLError.java:129) ~[mysql-connector-j-8.0.32.jar:8.0.32]
	at com.mysql.cj.jdbc.exceptions.SQLExceptionsMapping.translateException(SQLExceptionsMapping.java:122) ~[mysql-connector-j-8.0.32.jar:8.0.32]
	at com.mysql.cj.jdbc.ConnectionImpl.createNewIO(ConnectionImpl.java:824) ~[mysql-connector-j-8.0.32.jar:8.0.32]
	at com.mysql.cj.jdbc.ConnectionImpl.<init>(ConnectionImpl.java:444) ~[mysql-connector-j-8.0.32.jar:8.0.32]
	at com.mysql.cj.jdbc.ConnectionImpl.getInstance(ConnectionImpl.java:237) ~[mysql-connector-j-8.0.32.jar:8.0.32]
	at com.mysql.cj.jdbc.NonRegisteringDriver.connect(NonRegisteringDriver.java:198) ~[mysql-connector-j-8.0.32.jar:8.0.32]
	at com.zaxxer.hikari.util.DriverDataSource.getConnection(DriverDataSource.java:138) ~[HikariCP-4.0.3.jar:na]
	at com.zaxxer.hikari.pool.PoolBase.newConnection(PoolBase.java:364) ~[HikariCP-4.0.3.jar:na]
	at com.zaxxer.hikari.pool.PoolBase.newPoolEntry(PoolBase.java:206) ~[HikariCP-4.0.3.jar:na]
	at com.zaxxer.hikari.pool.HikariPool.createPoolEntry(HikariPool.java:476) ~[HikariCP-4.0.3.jar:na]
	at com.zaxxer.hikari.pool.HikariPool.checkFailFast(HikariPool.java:561) ~[HikariCP-4.0.3.jar:na]
	at com.zaxxer.hikari.pool.HikariPool.<init>(HikariPool.java:115) ~[HikariCP-4.0.3.jar:na]
	at com.zaxxer.hikari.HikariDataSource.getConnection(HikariDataSource.java:112) ~[HikariCP-4.0.3.jar:na]
	at org.hibernate.engine.jdbc.connections.internal.DatasourceConnectionProviderImpl.getConnection(DatasourceConnectionProviderImpl.java:122) ~[hibernate-core-5.6.14.Final.jar:5.6.14.Final]
	at org.hibernate.engine.jdbc.env.internal.JdbcEnvironmentInitiator$ConnectionProviderJdbcConnectionAccess.obtainConnection(JdbcEnvironmentInitiator.java:181) ~[hibernate-core-5.6.14.Final.jar:5.6.14.Final]
	at org.hibernate.engine.jdbc.env.internal.JdbcEnvironmentInitiator.initiateService(JdbcEnvironmentInitiator.java:68) ~[hibernate-core-5.6.14.Final.jar:5.6.14.Final]
	at org.hibernate.engine.jdbc.env.internal.JdbcEnvironmentInitiator.initiateService(JdbcEnvironmentInitiator.java:35) ~[hibernate-core-5.6.14.Final.jar:5.6.14.Final]
	at org.hibernate.boot.registry.internal.StandardServiceRegistryImpl.initiateService(StandardServiceRegistryImpl.java:101) ~[hibernate-core-5.6.14.Final.jar:5.6.14.Final]
	at org.hibernate.service.internal.AbstractServiceRegistryImpl.createService(AbstractServiceRegistryImpl.java:263) ~[hibernate-core-5.6.14.Final.jar:5.6.14.Final]
	at org.hibernate.service.internal.AbstractServiceRegistryImpl.initializeService(AbstractServiceRegistryImpl.java:237) ~[hibernate-core-5.6.14.Final.jar:5.6.14.Final]
	at org.hibernate.service.internal.AbstractServiceRegistryImpl.getService(AbstractServiceRegistryImpl.java:214) ~[hibernate-core-5.6.14.Final.jar:5.6.14.Final]
	at org.hibernate.id.factory.internal.DefaultIdentifierGeneratorFactory.injectServices(DefaultIdentifierGeneratorFactory.java:175) ~[hibernate-core-5.6.14.Final.jar:5.6.14.Final]
	at org.hibernate.service.internal.AbstractServiceRegistryImpl.injectDependencies(AbstractServiceRegistryImpl.java:286) ~[hibernate-core-5.6.14.Final.jar:5.6.14.Final]
	at org.hibernate.service.internal.AbstractServiceRegistryImpl.initializeService(AbstractServiceRegistryImpl.java:243) ~[hibernate-core-5.6.14.Final.jar:5.6.14.Final]
	at org.hibernate.service.internal.AbstractServiceRegistryImpl.getService(AbstractServiceRegistryImpl.java:214) ~[hibernate-core-5.6.14.Final.jar:5.6.14.Final]
	at org.hibernate.boot.internal.InFlightMetadataCollectorImpl.<init>(InFlightMetadataCollectorImpl.java:173) ~[hibernate-core-5.6.14.Final.jar:5.6.14.Final]
	at org.hibernate.boot.model.process.spi.MetadataBuildingProcess.complete(MetadataBuildingProcess.java:127) ~[hibernate-core-5.6.14.Final.jar:5.6.14.Final]
	at org.hibernate.jpa.boot.internal.EntityManagerFactoryBuilderImpl.metadata(EntityManagerFactoryBuilderImpl.java:1460) ~[hibernate-core-5.6.14.Final.jar:5.6.14.Final]
	at org.hibernate.jpa.boot.internal.EntityManagerFactoryBuilderImpl.build(EntityManagerFactoryBuilderImpl.java:1494) ~[hibernate-core-5.6.14.Final.jar:5.6.14.Final]
	at org.springframework.orm.jpa.vendor.SpringHibernateJpaPersistenceProvider.createContainerEntityManagerFactory(SpringHibernateJpaPersistenceProvider.java:58) ~[spring-orm-5.3.25.jar:5.3.25]
	at org.springframework.orm.jpa.LocalContainerEntityManagerFactoryBean.createNativeEntityManagerFactory(LocalContainerEntityManagerFactoryBean.java:365) ~[spring-orm-5.3.25.jar:5.3.25]
	at org.springframework.orm.jpa.AbstractEntityManagerFactoryBean.buildNativeEntityManagerFactory(AbstractEntityManagerFactoryBean.java:409) ~[spring-orm-5.3.25.jar:5.3.25]
	at org.springframework.orm.jpa.AbstractEntityManagerFactoryBean.afterPropertiesSet(AbstractEntityManagerFactoryBean.java:396) ~[spring-orm-5.3.25.jar:5.3.25]
	at org.springframework.orm.jpa.LocalContainerEntityManagerFactoryBean.afterPropertiesSet(LocalContainerEntityManagerFactoryBean.java:341) ~[spring-orm-5.3.25.jar:5.3.25]
	at org.springframework.beans.factory.support.AbstractAutowireCapableBeanFactory.invokeInitMethods(AbstractAutowireCapableBeanFactory.java:1863) ~[spring-beans-5.3.25.jar:5.3.25]
	at org.springframework.beans.factory.support.AbstractAutowireCapableBeanFactory.initializeBean(AbstractAutowireCapableBeanFactory.java:1800) ~[spring-beans-5.3.25.jar:5.3.25]
	at org.springframework.beans.factory.support.AbstractAutowireCapableBeanFactory.doCreateBean(AbstractAutowireCapableBeanFactory.java:620) ~[spring-beans-5.3.25.jar:5.3.25]
	at org.springframework.beans.factory.support.AbstractAutowireCapableBeanFactory.createBean(AbstractAutowireCapableBeanFactory.java:542) ~[spring-beans-5.3.25.jar:5.3.25]
	at org.springframework.beans.factory.support.AbstractBeanFactory.lambda$doGetBean$0(AbstractBeanFactory.java:335) ~[spring-beans-5.3.25.jar:5.3.25]
	at org.springframework.beans.factory.support.DefaultSingletonBeanRegistry.getSingleton(DefaultSingletonBeanRegistry.java:234) ~[spring-beans-5.3.25.jar:5.3.25]
	at org.springframework.beans.factory.support.AbstractBeanFactory.doGetBean(AbstractBeanFactory.java:333) ~[spring-beans-5.3.25.jar:5.3.25]
	at org.springframework.beans.factory.support.AbstractBeanFactory.getBean(AbstractBeanFactory.java:208) ~[spring-beans-5.3.25.jar:5.3.25]
	at org.springframework.context.support.AbstractApplicationContext.getBean(AbstractApplicationContext.java:1154) ~[spring-context-5.3.25.jar:5.3.25]
	at org.springframework.context.support.AbstractApplicationContext.finishBeanFactoryInitialization(AbstractApplicationContext.java:908) ~[spring-context-5.3.25.jar:5.3.25]
	at org.springframework.context.support.AbstractApplicationContext.refresh(AbstractApplicationContext.java:583) ~[spring-context-5.3.25.jar:5.3.25]
	at org.springframework.boot.web.servlet.context.ServletWebServerApplicationContext.refresh(ServletWebServerApplicationContext.java:147) ~[spring-boot-2.7.8.jar:2.7.8]
	at org.springframework.boot.SpringApplication.refresh(SpringApplication.java:731) ~[spring-boot-2.7.8.jar:2.7.8]
	at org.springframework.boot.SpringApplication.refreshContext(SpringApplication.java:408) ~[spring-boot-2.7.8.jar:2.7.8]
	at org.springframework.boot.SpringApplication.run(SpringApplication.java:307) ~[spring-boot-2.7.8.jar:2.7.8]
	at org.springframework.boot.SpringApplication.run(SpringApplication.java:1303) ~[spring-boot-2.7.8.jar:2.7.8]
	at org.springframework.boot.SpringApplication.run(SpringApplication.java:1292) ~[spring-boot-2.7.8.jar:2.7.8]
	at kr.co.farmstory.FarmstoryApplication.main(FarmstoryApplication.java:9) ~[classes/:na]
	at java.base/jdk.internal.reflect.NativeMethodAccessorImpl.invoke0(Native Method) ~[na:na]
	at java.base/jdk.internal.reflect.NativeMethodAccessorImpl.invoke(NativeMethodAccessorImpl.java:62) ~[na:na]
	at java.base/jdk.internal.reflect.DelegatingMethodAccessorImpl.invoke(DelegatingMethodAccessorImpl.java:43) ~[na:na]
	at java.base/java.lang.reflect.Method.invoke(Method.java:566) ~[na:na]
	at org.springframework.boot.devtools.restart.RestartLauncher.run(RestartLauncher.java:49) ~[spring-boot-devtools-2.7.8.jar:2.7.8]

2023-01-27 12:48:55.277  WARN 4084 --- [restartedMain] o.h.e.j.e.i.JdbcEnvironmentInitiator     : HHH000342: Could not obtain connection to query metadata

java.sql.SQLException: Access denied for user 'root'@'61.34.107.92' (using password: NO)
	at com.mysql.cj.jdbc.exceptions.SQLError.createSQLException(SQLError.java:129) ~[mysql-connector-j-8.0.32.jar:8.0.32]
	at com.mysql.cj.jdbc.exceptions.SQLExceptionsMapping.translateException(SQLExceptionsMapping.java:122) ~[mysql-connector-j-8.0.32.jar:8.0.32]
	at com.mysql.cj.jdbc.ConnectionImpl.createNewIO(ConnectionImpl.java:824) ~[mysql-connector-j-8.0.32.jar:8.0.32]
	at com.mysql.cj.jdbc.ConnectionImpl.<init>(ConnectionImpl.java:444) ~[mysql-connector-j-8.0.32.jar:8.0.32]
	at com.mysql.cj.jdbc.ConnectionImpl.getInstance(ConnectionImpl.java:237) ~[mysql-connector-j-8.0.32.jar:8.0.32]
	at com.mysql.cj.jdbc.NonRegisteringDriver.connect(NonRegisteringDriver.java:198) ~[mysql-connector-j-8.0.32.jar:8.0.32]
	at com.zaxxer.hikari.util.DriverDataSource.getConnection(DriverDataSource.java:138) ~[HikariCP-4.0.3.jar:na]
	at com.zaxxer.hikari.pool.PoolBase.newConnection(PoolBase.java:364) ~[HikariCP-4.0.3.jar:na]
	at com.zaxxer.hikari.pool.PoolBase.newPoolEntry(PoolBase.java:206) ~[HikariCP-4.0.3.jar:na]
	at com.zaxxer.hikari.pool.HikariPool.createPoolEntry(HikariPool.java:476) ~[HikariCP-4.0.3.jar:na]
	at com.zaxxer.hikari.pool.HikariPool.checkFailFast(HikariPool.java:561) ~[HikariCP-4.0.3.jar:na]
	at com.zaxxer.hikari.pool.HikariPool.<init>(HikariPool.java:115) ~[HikariCP-4.0.3.jar:na]
	at com.zaxxer.hikari.HikariDataSource.getConnection(HikariDataSource.java:112) ~[HikariCP-4.0.3.jar:na]
	at org.hibernate.engine.jdbc.connections.internal.DatasourceConnectionProviderImpl.getConnection(DatasourceConnectionProviderImpl.java:122) ~[hibernate-core-5.6.14.Final.jar:5.6.14.Final]
	at org.hibernate.engine.jdbc.env.internal.JdbcEnvironmentInitiator$ConnectionProviderJdbcConnectionAccess.obtainConnection(JdbcEnvironmentInitiator.java:181) ~[hibernate-core-5.6.14.Final.jar:5.6.14.Final]
	at org.hibernate.engine.jdbc.env.internal.JdbcEnvironmentInitiator.initiateService(JdbcEnvironmentInitiator.java:68) ~[hibernate-core-5.6.14.Final.jar:5.6.14.Final]
	at org.hibernate.engine.jdbc.env.internal.JdbcEnvironmentInitiator.initiateService(JdbcEnvironmentInitiator.java:35) ~[hibernate-core-5.6.14.Final.jar:5.6.14.Final]
	at org.hibernate.boot.registry.internal.StandardServiceRegistryImpl.initiateService(StandardServiceRegistryImpl.java:101) ~[hibernate-core-5.6.14.Final.jar:5.6.14.Final]
	at org.hibernate.service.internal.AbstractServiceRegistryImpl.createService(AbstractServiceRegistryImpl.java:263) ~[hibernate-core-5.6.14.Final.jar:5.6.14.Final]
	at org.hibernate.service.internal.AbstractServiceRegistryImpl.initializeService(AbstractServiceRegistryImpl.java:237) ~[hibernate-core-5.6.14.Final.jar:5.6.14.Final]
	at org.hibernate.service.internal.AbstractServiceRegistryImpl.getService(AbstractServiceRegistryImpl.java:214) ~[hibernate-core-5.6.14.Final.jar:5.6.14.Final]
	at org.hibernate.id.factory.internal.DefaultIdentifierGeneratorFactory.injectServices(DefaultIdentifierGeneratorFactory.java:175) ~[hibernate-core-5.6.14.Final.jar:5.6.14.Final]
	at org.hibernate.service.internal.AbstractServiceRegistryImpl.injectDependencies(AbstractServiceRegistryImpl.java:286) ~[hibernate-core-5.6.14.Final.jar:5.6.14.Final]
	at org.hibernate.service.internal.AbstractServiceRegistryImpl.initializeService(AbstractServiceRegistryImpl.java:243) ~[hibernate-core-5.6.14.Final.jar:5.6.14.Final]
	at org.hibernate.service.internal.AbstractServiceRegistryImpl.getService(AbstractServiceRegistryImpl.java:214) ~[hibernate-core-5.6.14.Final.jar:5.6.14.Final]
	at org.hibernate.boot.internal.InFlightMetadataCollectorImpl.<init>(InFlightMetadataCollectorImpl.java:173) ~[hibernate-core-5.6.14.Final.jar:5.6.14.Final]
	at org.hibernate.boot.model.process.spi.MetadataBuildingProcess.complete(MetadataBuildingProcess.java:127) ~[hibernate-core-5.6.14.Final.jar:5.6.14.Final]
	at org.hibernate.jpa.boot.internal.EntityManagerFactoryBuilderImpl.metadata(EntityManagerFactoryBuilderImpl.java:1460) ~[hibernate-core-5.6.14.Final.jar:5.6.14.Final]
	at org.hibernate.jpa.boot.internal.EntityManagerFactoryBuilderImpl.build(EntityManagerFactoryBuilderImpl.java:1494) ~[hibernate-core-5.6.14.Final.jar:5.6.14.Final]
	at org.springframework.orm.jpa.vendor.SpringHibernateJpaPersistenceProvider.createContainerEntityManagerFactory(SpringHibernateJpaPersistenceProvider.java:58) ~[spring-orm-5.3.25.jar:5.3.25]
	at org.springframework.orm.jpa.LocalContainerEntityManagerFactoryBean.createNativeEntityManagerFactory(LocalContainerEntityManagerFactoryBean.java:365) ~[spring-orm-5.3.25.jar:5.3.25]
	at org.springframework.orm.jpa.AbstractEntityManagerFactoryBean.buildNativeEntityManagerFactory(AbstractEntityManagerFactoryBean.java:409) ~[spring-orm-5.3.25.jar:5.3.25]
	at org.springframework.orm.jpa.AbstractEntityManagerFactoryBean.afterPropertiesSet(AbstractEntityManagerFactoryBean.java:396) ~[spring-orm-5.3.25.jar:5.3.25]
	at org.springframework.orm.jpa.LocalContainerEntityManagerFactoryBean.afterPropertiesSet(LocalContainerEntityManagerFactoryBean.java:341) ~[spring-orm-5.3.25.jar:5.3.25]
	at org.springframework.beans.factory.support.AbstractAutowireCapableBeanFactory.invokeInitMethods(AbstractAutowireCapableBeanFactory.java:1863) ~[spring-beans-5.3.25.jar:5.3.25]
	at org.springframework.beans.factory.support.AbstractAutowireCapableBeanFactory.initializeBean(AbstractAutowireCapableBeanFactory.java:1800) ~[spring-beans-5.3.25.jar:5.3.25]
	at org.springframework.beans.factory.support.AbstractAutowireCapableBeanFactory.doCreateBean(AbstractAutowireCapableBeanFactory.java:620) ~[spring-beans-5.3.25.jar:5.3.25]
	at org.springframework.beans.factory.support.AbstractAutowireCapableBeanFactory.createBean(AbstractAutowireCapableBeanFactory.java:542) ~[spring-beans-5.3.25.jar:5.3.25]
	at org.springframework.beans.factory.support.AbstractBeanFactory.lambda$doGetBean$0(AbstractBeanFactory.java:335) ~[spring-beans-5.3.25.jar:5.3.25]
	at org.springframework.beans.factory.support.DefaultSingletonBeanRegistry.getSingleton(DefaultSingletonBeanRegistry.java:234) ~[spring-beans-5.3.25.jar:5.3.25]
	at org.springframework.beans.factory.support.AbstractBeanFactory.doGetBean(AbstractBeanFactory.java:333) ~[spring-beans-5.3.25.jar:5.3.25]
	at org.springframework.beans.factory.support.AbstractBeanFactory.getBean(AbstractBeanFactory.java:208) ~[spring-beans-5.3.25.jar:5.3.25]
	at org.springframework.context.support.AbstractApplicationContext.getBean(AbstractApplicationContext.java:1154) ~[spring-context-5.3.25.jar:5.3.25]
	at org.springframework.context.support.AbstractApplicationContext.finishBeanFactoryInitialization(AbstractApplicationContext.java:908) ~[spring-context-5.3.25.jar:5.3.25]
	at org.springframework.context.support.AbstractApplicationContext.refresh(AbstractApplicationContext.java:583) ~[spring-context-5.3.25.jar:5.3.25]
	at org.springframework.boot.web.servlet.context.ServletWebServerApplicationContext.refresh(ServletWebServerApplicationContext.java:147) ~[spring-boot-2.7.8.jar:2.7.8]
	at org.springframework.boot.SpringApplication.refresh(SpringApplication.java:731) ~[spring-boot-2.7.8.jar:2.7.8]
	at org.springframework.boot.SpringApplication.refreshContext(SpringApplication.java:408) ~[spring-boot-2.7.8.jar:2.7.8]
	at org.springframework.boot.SpringApplication.run(SpringApplication.java:307) ~[spring-boot-2.7.8.jar:2.7.8]
	at org.springframework.boot.SpringApplication.run(SpringApplication.java:1303) ~[spring-boot-2.7.8.jar:2.7.8]
	at org.springframework.boot.SpringApplication.run(SpringApplication.java:1292) ~[spring-boot-2.7.8.jar:2.7.8]
	at kr.co.farmstory.FarmstoryApplication.main(FarmstoryApplication.java:9) ~[classes/:na]
	at java.base/jdk.internal.reflect.NativeMethodAccessorImpl.invoke0(Native Method) ~[na:na]
	at java.base/jdk.internal.reflect.NativeMethodAccessorImpl.invoke(NativeMethodAccessorImpl.java:62) ~[na:na]
	at java.base/jdk.internal.reflect.DelegatingMethodAccessorImpl.invoke(DelegatingMethodAccessorImpl.java:43) ~[na:na]
	at java.base/java.lang.reflect.Method.invoke(Method.java:566) ~[na:na]
	at org.springframework.boot.devtools.restart.RestartLauncher.run(RestartLauncher.java:49) ~[spring-boot-devtools-2.7.8.jar:2.7.8]

2023-01-27 12:48:55.277 ERROR 4084 --- [restartedMain] j.LocalContainerEntityManagerFactoryBean : Failed to initialize JPA EntityManagerFactory: Unable to create requested service [org.hibernate.engine.jdbc.env.spi.JdbcEnvironment]
2023-01-27 12:48:55.278  WARN 4084 --- [restartedMain] ConfigServletWebServerApplicationContext : Exception encountered during context initialization - cancelling refresh attempt: org.springframework.beans.factory.BeanCreationException: Error creating bean with name 'entityManagerFactory' defined in class path resource [org/springframework/boot/autoconfigure/orm/jpa/HibernateJpaConfiguration.class]: Invocation of init method failed; nested exception is org.hibernate.service.spi.ServiceException: Unable to create requested service [org.hibernate.engine.jdbc.env.spi.JdbcEnvironment]
2023-01-27 12:48:55.278  INFO 4084 --- [restartedMain] o.apache.catalina.core.StandardService   : Stopping service [Tomcat]
2023-01-27 12:48:55.283  INFO 4084 --- [restartedMain] ConditionEvaluationReportLoggingListener : 

Error starting ApplicationContext. To display the conditions report re-run your application with 'debug' enabled.
2023-01-27 12:48:55.300 ERROR 4084 --- [restartedMain] o.s.boot.SpringApplication               : Application run failed

org.springframework.beans.factory.BeanCreationException: Error creating bean with name 'entityManagerFactory' defined in class path resource [org/springframework/boot/autoconfigure/orm/jpa/HibernateJpaConfiguration.class]: Invocation of init method failed; nested exception is org.hibernate.service.spi.ServiceException: Unable to create requested service [org.hibernate.engine.jdbc.env.spi.JdbcEnvironment]
	at org.springframework.beans.factory.support.AbstractAutowireCapableBeanFactory.initializeBean(AbstractAutowireCapableBeanFactory.java:1804) ~[spring-beans-5.3.25.jar:5.3.25]
	at org.springframework.beans.factory.support.AbstractAutowireCapableBeanFactory.doCreateBean(AbstractAutowireCapableBeanFactory.java:620) ~[spring-beans-5.3.25.jar:5.3.25]
	at org.springframework.beans.factory.support.AbstractAutowireCapableBeanFactory.createBean(AbstractAutowireCapableBeanFactory.java:542) ~[spring-beans-5.3.25.jar:5.3.25]
	at org.springframework.beans.factory.support.AbstractBeanFactory.lambda$doGetBean$0(AbstractBeanFactory.java:335) ~[spring-beans-5.3.25.jar:5.3.25]
	at org.springframework.beans.factory.support.DefaultSingletonBeanRegistry.getSingleton(DefaultSingletonBeanRegistry.java:234) ~[spring-beans-5.3.25.jar:5.3.25]
	at org.springframework.beans.factory.support.AbstractBeanFactory.doGetBean(AbstractBeanFactory.java:333) ~[spring-beans-5.3.25.jar:5.3.25]
	at org.springframework.beans.factory.support.AbstractBeanFactory.getBean(AbstractBeanFactory.java:208) ~[spring-beans-5.3.25.jar:5.3.25]
	at org.springframework.context.support.AbstractApplicationContext.getBean(AbstractApplicationContext.java:1154) ~[spring-context-5.3.25.jar:5.3.25]
	at org.springframework.context.support.AbstractApplicationContext.finishBeanFactoryInitialization(AbstractApplicationContext.java:908) ~[spring-context-5.3.25.jar:5.3.25]
	at org.springframework.context.support.AbstractApplicationContext.refresh(AbstractApplicationContext.java:583) ~[spring-context-5.3.25.jar:5.3.25]
	at org.springframework.boot.web.servlet.context.ServletWebServerApplicationContext.refresh(ServletWebServerApplicationContext.java:147) ~[spring-boot-2.7.8.jar:2.7.8]
	at org.springframework.boot.SpringApplication.refresh(SpringApplication.java:731) ~[spring-boot-2.7.8.jar:2.7.8]
	at org.springframework.boot.SpringApplication.refreshContext(SpringApplication.java:408) ~[spring-boot-2.7.8.jar:2.7.8]
	at org.springframework.boot.SpringApplication.run(SpringApplication.java:307) ~[spring-boot-2.7.8.jar:2.7.8]
	at org.springframework.boot.SpringApplication.run(SpringApplication.java:1303) ~[spring-boot-2.7.8.jar:2.7.8]
	at org.springframework.boot.SpringApplication.run(SpringApplication.java:1292) ~[spring-boot-2.7.8.jar:2.7.8]
	at kr.co.farmstory.FarmstoryApplication.main(FarmstoryApplication.java:9) ~[classes/:na]
	at java.base/jdk.internal.reflect.NativeMethodAccessorImpl.invoke0(Native Method) ~[na:na]
	at java.base/jdk.internal.reflect.NativeMethodAccessorImpl.invoke(NativeMethodAccessorImpl.java:62) ~[na:na]
	at java.base/jdk.internal.reflect.DelegatingMethodAccessorImpl.invoke(DelegatingMethodAccessorImpl.java:43) ~[na:na]
	at java.base/java.lang.reflect.Method.invoke(Method.java:566) ~[na:na]
	at org.springframework.boot.devtools.restart.RestartLauncher.run(RestartLauncher.java:49) ~[spring-boot-devtools-2.7.8.jar:2.7.8]
Caused by: org.hibernate.service.spi.ServiceException: Unable to create requested service [org.hibernate.engine.jdbc.env.spi.JdbcEnvironment]
	at org.hibernate.service.internal.AbstractServiceRegistryImpl.createService(AbstractServiceRegistryImpl.java:275) ~[hibernate-core-5.6.14.Final.jar:5.6.14.Final]
	at org.hibernate.service.internal.AbstractServiceRegistryImpl.initializeService(AbstractServiceRegistryImpl.java:237) ~[hibernate-core-5.6.14.Final.jar:5.6.14.Final]
	at org.hibernate.service.internal.AbstractServiceRegistryImpl.getService(AbstractServiceRegistryImpl.java:214) ~[hibernate-core-5.6.14.Final.jar:5.6.14.Final]
	at org.hibernate.id.factory.internal.DefaultIdentifierGeneratorFactory.injectServices(DefaultIdentifierGeneratorFactory.java:175) ~[hibernate-core-5.6.14.Final.jar:5.6.14.Final]
	at org.hibernate.service.internal.AbstractServiceRegistryImpl.injectDependencies(AbstractServiceRegistryImpl.java:286) ~[hibernate-core-5.6.14.Final.jar:5.6.14.Final]
	at org.hibernate.service.internal.AbstractServiceRegistryImpl.initializeService(AbstractServiceRegistryImpl.java:243) ~[hibernate-core-5.6.14.Final.jar:5.6.14.Final]
	at org.hibernate.service.internal.AbstractServiceRegistryImpl.getService(AbstractServiceRegistryImpl.java:214) ~[hibernate-core-5.6.14.Final.jar:5.6.14.Final]
	at org.hibernate.boot.internal.InFlightMetadataCollectorImpl.<init>(InFlightMetadataCollectorImpl.java:173) ~[hibernate-core-5.6.14.Final.jar:5.6.14.Final]
	at org.hibernate.boot.model.process.spi.MetadataBuildingProcess.complete(MetadataBuildingProcess.java:127) ~[hibernate-core-5.6.14.Final.jar:5.6.14.Final]
	at org.hibernate.jpa.boot.internal.EntityManagerFactoryBuilderImpl.metadata(EntityManagerFactoryBuilderImpl.java:1460) ~[hibernate-core-5.6.14.Final.jar:5.6.14.Final]
	at org.hibernate.jpa.boot.internal.EntityManagerFactoryBuilderImpl.build(EntityManagerFactoryBuilderImpl.java:1494) ~[hibernate-core-5.6.14.Final.jar:5.6.14.Final]
	at org.springframework.orm.jpa.vendor.SpringHibernateJpaPersistenceProvider.createContainerEntityManagerFactory(SpringHibernateJpaPersistenceProvider.java:58) ~[spring-orm-5.3.25.jar:5.3.25]
	at org.springframework.orm.jpa.LocalContainerEntityManagerFactoryBean.createNativeEntityManagerFactory(LocalContainerEntityManagerFactoryBean.java:365) ~[spring-orm-5.3.25.jar:5.3.25]
	at org.springframework.orm.jpa.AbstractEntityManagerFactoryBean.buildNativeEntityManagerFactory(AbstractEntityManagerFactoryBean.java:409) ~[spring-orm-5.3.25.jar:5.3.25]
	at org.springframework.orm.jpa.AbstractEntityManagerFactoryBean.afterPropertiesSet(AbstractEntityManagerFactoryBean.java:396) ~[spring-orm-5.3.25.jar:5.3.25]
	at org.springframework.orm.jpa.LocalContainerEntityManagerFactoryBean.afterPropertiesSet(LocalContainerEntityManagerFactoryBean.java:341) ~[spring-orm-5.3.25.jar:5.3.25]
	at org.springframework.beans.factory.support.AbstractAutowireCapableBeanFactory.invokeInitMethods(AbstractAutowireCapableBeanFactory.java:1863) ~[spring-beans-5.3.25.jar:5.3.25]
	at org.springframework.beans.factory.support.AbstractAutowireCapableBeanFactory.initializeBean(AbstractAutowireCapableBeanFactory.java:1800) ~[spring-beans-5.3.25.jar:5.3.25]
	... 21 common frames omitted
Caused by: org.hibernate.HibernateException: Access to DialectResolutionInfo cannot be null when 'hibernate.dialect' not set
	at org.hibernate.engine.jdbc.dialect.internal.DialectFactoryImpl.determineDialect(DialectFactoryImpl.java:100) ~[hibernate-core-5.6.14.Final.jar:5.6.14.Final]
	at org.hibernate.engine.jdbc.dialect.internal.DialectFactoryImpl.buildDialect(DialectFactoryImpl.java:54) ~[hibernate-core-5.6.14.Final.jar:5.6.14.Final]
	at org.hibernate.engine.jdbc.env.internal.JdbcEnvironmentInitiator.initiateService(JdbcEnvironmentInitiator.java:138) ~[hibernate-core-5.6.14.Final.jar:5.6.14.Final]
	at org.hibernate.engine.jdbc.env.internal.JdbcEnvironmentInitiator.initiateService(JdbcEnvironmentInitiator.java:35) ~[hibernate-core-5.6.14.Final.jar:5.6.14.Final]
	at org.hibernate.boot.registry.internal.StandardServiceRegistryImpl.initiateService(StandardServiceRegistryImpl.java:101) ~[hibernate-core-5.6.14.Final.jar:5.6.14.Final]
	at org.hibernate.service.internal.AbstractServiceRegistryImpl.createService(AbstractServiceRegistryImpl.java:263) ~[hibernate-core-5.6.14.Final.jar:5.6.14.Final]
	... 38 common frames omitted

2023-01-27 12:49:23.518  INFO 4084 --- [restartedMain] kr.co.farmstory.FarmstoryApplication     : Starting FarmstoryApplication using Java 11.0.15.1 on DESKTOP-8N3GG4O with PID 4084 (C:\Users\java1\Desktop\workspace\SpringBoot\Farmstory\out\production\classes started by java1 in C:\Users\java1\Desktop\workspace\SpringBoot\Farmstory)
2023-01-27 12:49:23.518  INFO 4084 --- [restartedMain] kr.co.farmstory.FarmstoryApplication     : No active profile set, falling back to 1 default profile: "default"
2023-01-27 12:49:23.690  INFO 4084 --- [restartedMain] .s.d.r.c.RepositoryConfigurationDelegate : Bootstrapping Spring Data JPA repositories in DEFAULT mode.
2023-01-27 12:49:23.692  INFO 4084 --- [restartedMain] .s.d.r.c.RepositoryConfigurationDelegate : Finished Spring Data repository scanning in 1 ms. Found 0 JPA repository interfaces.
2023-01-27 12:49:23.716  WARN 4084 --- [restartedMain] o.m.s.mapper.ClassPathMapperScanner      : No MyBatis mapper was found in '[kr.co.farmstory]' package. Please check your configuration.
2023-01-27 12:49:23.751  INFO 4084 --- [restartedMain] o.s.b.w.embedded.tomcat.TomcatWebServer  : Tomcat initialized with port(s): 8181 (http)
2023-01-27 12:49:23.752  INFO 4084 --- [restartedMain] o.apache.catalina.core.StandardService   : Starting service [Tomcat]
2023-01-27 12:49:23.752  INFO 4084 --- [restartedMain] org.apache.catalina.core.StandardEngine  : Starting Servlet engine: [Apache Tomcat/9.0.71]
2023-01-27 12:49:23.765  INFO 4084 --- [restartedMain] o.a.c.c.C.[.[localhost].[/Farmstory]     : Initializing Spring embedded WebApplicationContext
2023-01-27 12:49:23.765  INFO 4084 --- [restartedMain] w.s.c.ServletWebServerApplicationContext : Root WebApplicationContext: initialization completed in 245 ms
2023-01-27 12:49:23.788  INFO 4084 --- [restartedMain] o.hibernate.jpa.internal.util.LogHelper  : HHH000204: Processing PersistenceUnitInfo [name: default]
2023-01-27 12:49:23.794  INFO 4084 --- [restartedMain] com.zaxxer.hikari.HikariDataSource       : HikariPool-3 - Starting...
2023-01-27 12:49:23.885  INFO 4084 --- [restartedMain] com.zaxxer.hikari.HikariDataSource       : HikariPool-3 - Start completed.
2023-01-27 12:49:23.885  INFO 4084 --- [restartedMain] org.hibernate.dialect.Dialect            : HHH000400: Using dialect: org.hibernate.dialect.MySQL55Dialect
2023-01-27 12:49:23.966  INFO 4084 --- [restartedMain] o.h.e.t.j.p.i.JtaPlatformInitiator       : HHH000490: Using JtaPlatform implementation: [org.hibernate.engine.transaction.jta.platform.internal.NoJtaPlatform]
2023-01-27 12:49:23.966  INFO 4084 --- [restartedMain] j.LocalContainerEntityManagerFactoryBean : Initialized JPA EntityManagerFactory for persistence unit 'default'
2023-01-27 12:49:23.981  WARN 4084 --- [restartedMain] JpaBaseConfiguration$JpaWebConfiguration : spring.jpa.open-in-view is enabled by default. Therefore, database queries may be performed during view rendering. Explicitly configure spring.jpa.open-in-view to disable this warning
2023-01-27 12:49:23.993  INFO 4084 --- [restartedMain] o.s.s.web.DefaultSecurityFilterChain     : Will secure any request with [org.springframework.security.web.session.DisableEncodeUrlFilter@2c58d64f, org.springframework.security.web.context.request.async.WebAsyncManagerIntegrationFilter@1fc2b3bc, org.springframework.security.web.context.SecurityContextPersistenceFilter@416f6d1c, org.springframework.security.web.header.HeaderWriterFilter@3aa7a062, org.springframework.security.web.authentication.logout.LogoutFilter@485e4c42, org.springframework.security.web.savedrequest.RequestCacheAwareFilter@705c0eaf, org.springframework.security.web.servletapi.SecurityContextHolderAwareRequestFilter@77ff1476, org.springframework.security.web.authentication.AnonymousAuthenticationFilter@30748dbe, org.springframework.security.web.session.SessionManagementFilter@1803b35d, org.springframework.security.web.access.ExceptionTranslationFilter@7f89c167, org.springframework.security.web.access.intercept.FilterSecurityInterceptor@18100bac]
2023-01-27 12:49:24.026  INFO 4084 --- [restartedMain] o.s.b.a.w.s.WelcomePageHandlerMapping    : Adding welcome page template: index
2023-01-27 12:49:24.074  INFO 4084 --- [restartedMain] o.s.b.d.a.OptionalLiveReloadServer       : LiveReload server is running on port 35729
2023-01-27 12:49:24.083  INFO 4084 --- [restartedMain] o.s.b.w.embedded.tomcat.TomcatWebServer  : Tomcat started on port(s): 8181 (http) with context path '/Farmstory'
2023-01-27 12:49:24.087  INFO 4084 --- [restartedMain] kr.co.farmstory.FarmstoryApplication     : Started FarmstoryApplication in 0.596 seconds (JVM running for 2072.077)
2023-01-27 12:49:24.089  INFO 4084 --- [restartedMain] .ConditionEvaluationDeltaLoggingListener : Condition evaluation unchanged
2023-01-27 12:49:26.498  INFO 4084 --- [SpringApplicationShutdownHook] j.LocalContainerEntityManagerFactoryBean : Closing JPA EntityManagerFactory for persistence unit 'default'
2023-01-27 12:49:26.499  INFO 4084 --- [SpringApplicationShutdownHook] com.zaxxer.hikari.HikariDataSource       : HikariPool-3 - Shutdown initiated...
2023-01-27 12:49:26.500  INFO 4084 --- [SpringApplicationShutdownHook] com.zaxxer.hikari.HikariDataSource       : HikariPool-3 - Shutdown completed.
2023-01-27 12:56:01.909  INFO 6328 --- [restartedMain] kr.co.farmstory.FarmstoryApplication     : Starting FarmstoryApplication using Java 11.0.15.1 on DESKTOP-8N3GG4O with PID 6328 (C:\Users\java1\Desktop\workspace\SpringBoot\Farmstory\out\production\classes started by java1 in C:\Users\java1\Desktop\workspace\SpringBoot\Farmstory)
2023-01-27 12:56:01.910  INFO 6328 --- [restartedMain] kr.co.farmstory.FarmstoryApplication     : No active profile set, falling back to 1 default profile: "default"
2023-01-27 12:56:01.938  INFO 6328 --- [restartedMain] .e.DevToolsPropertyDefaultsPostProcessor : Devtools property defaults active! Set 'spring.devtools.add-properties' to 'false' to disable
2023-01-27 12:56:01.939  INFO 6328 --- [restartedMain] .e.DevToolsPropertyDefaultsPostProcessor : For additional web related logging consider setting the 'logging.level.web' property to 'DEBUG'
2023-01-27 12:56:02.394  INFO 6328 --- [restartedMain] .s.d.r.c.RepositoryConfigurationDelegate : Bootstrapping Spring Data JPA repositories in DEFAULT mode.
2023-01-27 12:56:02.403  INFO 6328 --- [restartedMain] .s.d.r.c.RepositoryConfigurationDelegate : Finished Spring Data repository scanning in 4 ms. Found 0 JPA repository interfaces.
2023-01-27 12:56:02.480  WARN 6328 --- [restartedMain] o.m.s.mapper.ClassPathMapperScanner      : No MyBatis mapper was found in '[kr.co.farmstory]' package. Please check your configuration.
2023-01-27 12:56:02.772  INFO 6328 --- [restartedMain] o.s.b.w.embedded.tomcat.TomcatWebServer  : Tomcat initialized with port(s): 8181 (http)
2023-01-27 12:56:02.779  INFO 6328 --- [restartedMain] o.apache.catalina.core.StandardService   : Starting service [Tomcat]
2023-01-27 12:56:02.779  INFO 6328 --- [restartedMain] org.apache.catalina.core.StandardEngine  : Starting Servlet engine: [Apache Tomcat/9.0.71]
2023-01-27 12:56:02.835  INFO 6328 --- [restartedMain] o.a.c.c.C.[.[localhost].[/Farmstory]     : Initializing Spring embedded WebApplicationContext
2023-01-27 12:56:02.835  INFO 6328 --- [restartedMain] w.s.c.ServletWebServerApplicationContext : Root WebApplicationContext: initialization completed in 896 ms
2023-01-27 12:56:02.946  INFO 6328 --- [restartedMain] o.hibernate.jpa.internal.util.LogHelper  : HHH000204: Processing PersistenceUnitInfo [name: default]
2023-01-27 12:56:02.971  INFO 6328 --- [restartedMain] org.hibernate.Version                    : HHH000412: Hibernate ORM core version 5.6.14.Final
2023-01-27 12:56:03.056  INFO 6328 --- [restartedMain] o.hibernate.annotations.common.Version   : HCANN000001: Hibernate Commons Annotations {5.1.2.Final}
2023-01-27 12:56:03.112  INFO 6328 --- [restartedMain] com.zaxxer.hikari.HikariDataSource       : HikariPool-1 - Starting...
2023-01-27 12:56:03.277  INFO 6328 --- [restartedMain] com.zaxxer.hikari.HikariDataSource       : HikariPool-1 - Start completed.
2023-01-27 12:56:03.288  INFO 6328 --- [restartedMain] org.hibernate.dialect.Dialect            : HHH000400: Using dialect: org.hibernate.dialect.MySQL55Dialect
2023-01-27 12:56:03.461  INFO 6328 --- [restartedMain] o.h.e.t.j.p.i.JtaPlatformInitiator       : HHH000490: Using JtaPlatform implementation: [org.hibernate.engine.transaction.jta.platform.internal.NoJtaPlatform]
2023-01-27 12:56:03.466  INFO 6328 --- [restartedMain] j.LocalContainerEntityManagerFactoryBean : Initialized JPA EntityManagerFactory for persistence unit 'default'
2023-01-27 12:56:03.506  WARN 6328 --- [restartedMain] JpaBaseConfiguration$JpaWebConfiguration : spring.jpa.open-in-view is enabled by default. Therefore, database queries may be performed during view rendering. Explicitly configure spring.jpa.open-in-view to disable this warning
2023-01-27 12:56:03.581  INFO 6328 --- [restartedMain] o.s.s.web.DefaultSecurityFilterChain     : Will secure any request with [org.springframework.security.web.session.DisableEncodeUrlFilter@44b25a00, org.springframework.security.web.context.request.async.WebAsyncManagerIntegrationFilter@3457ed71, org.springframework.security.web.context.SecurityContextPersistenceFilter@3bf11ff7, org.springframework.security.web.header.HeaderWriterFilter@1d0091d0, org.springframework.security.web.authentication.logout.LogoutFilter@151fdc92, org.springframework.security.web.savedrequest.RequestCacheAwareFilter@e75818b, org.springframework.security.web.servletapi.SecurityContextHolderAwareRequestFilter@699040f2, org.springframework.security.web.authentication.AnonymousAuthenticationFilter@7b455e8a, org.springframework.security.web.session.SessionManagementFilter@3970660d, org.springframework.security.web.access.ExceptionTranslationFilter@6fa1145d, org.springframework.security.web.access.intercept.FilterSecurityInterceptor@4c5aa823]
2023-01-27 12:56:03.680  INFO 6328 --- [restartedMain] o.s.b.a.w.s.WelcomePageHandlerMapping    : Adding welcome page template: index
2023-01-27 12:56:03.842  INFO 6328 --- [restartedMain] o.s.b.d.a.OptionalLiveReloadServer       : LiveReload server is running on port 35729
2023-01-27 12:56:03.894  INFO 6328 --- [restartedMain] o.s.b.w.embedded.tomcat.TomcatWebServer  : Tomcat started on port(s): 8181 (http) with context path '/Farmstory'
2023-01-27 12:56:03.903  INFO 6328 --- [restartedMain] kr.co.farmstory.FarmstoryApplication     : Started FarmstoryApplication in 2.28 seconds (JVM running for 2.813)
2023-01-27 12:56:21.126  INFO 6328 --- [SpringApplicationShutdownHook] j.LocalContainerEntityManagerFactoryBean : Closing JPA EntityManagerFactory for persistence unit 'default'
2023-01-27 12:56:21.129  INFO 6328 --- [SpringApplicationShutdownHook] com.zaxxer.hikari.HikariDataSource       : HikariPool-1 - Shutdown initiated...
2023-01-27 12:56:21.134  INFO 6328 --- [SpringApplicationShutdownHook] com.zaxxer.hikari.HikariDataSource       : HikariPool-1 - Shutdown completed.
2023-01-27 12:56:24.901  INFO 9424 --- [restartedMain] kr.co.farmstory.FarmstoryApplication     : Starting FarmstoryApplication using Java 11.0.15.1 on DESKTOP-8N3GG4O with PID 9424 (C:\Users\java1\Desktop\workspace\SpringBoot\Farmstory\out\production\classes started by java1 in C:\Users\java1\Desktop\workspace\SpringBoot\Farmstory)
2023-01-27 12:56:24.905  INFO 9424 --- [restartedMain] kr.co.farmstory.FarmstoryApplication     : No active profile set, falling back to 1 default profile: "default"
2023-01-27 12:56:24.934  INFO 9424 --- [restartedMain] .e.DevToolsPropertyDefaultsPostProcessor : Devtools property defaults active! Set 'spring.devtools.add-properties' to 'false' to disable
2023-01-27 12:56:24.934  INFO 9424 --- [restartedMain] .e.DevToolsPropertyDefaultsPostProcessor : For additional web related logging consider setting the 'logging.level.web' property to 'DEBUG'
2023-01-27 12:56:25.397  INFO 9424 --- [restartedMain] .s.d.r.c.RepositoryConfigurationDelegate : Bootstrapping Spring Data JPA repositories in DEFAULT mode.
2023-01-27 12:56:25.407  INFO 9424 --- [restartedMain] .s.d.r.c.RepositoryConfigurationDelegate : Finished Spring Data repository scanning in 4 ms. Found 0 JPA repository interfaces.
2023-01-27 12:56:25.484  WARN 9424 --- [restartedMain] o.m.s.mapper.ClassPathMapperScanner      : No MyBatis mapper was found in '[kr.co.farmstory]' package. Please check your configuration.
2023-01-27 12:56:25.753  INFO 9424 --- [restartedMain] o.s.b.w.embedded.tomcat.TomcatWebServer  : Tomcat initialized with port(s): 8181 (http)
2023-01-27 12:56:25.759  INFO 9424 --- [restartedMain] o.apache.catalina.core.StandardService   : Starting service [Tomcat]
2023-01-27 12:56:25.759  INFO 9424 --- [restartedMain] org.apache.catalina.core.StandardEngine  : Starting Servlet engine: [Apache Tomcat/9.0.71]
2023-01-27 12:56:25.810  INFO 9424 --- [restartedMain] o.a.c.c.C.[.[localhost].[/Farmstory]     : Initializing Spring embedded WebApplicationContext
2023-01-27 12:56:25.810  INFO 9424 --- [restartedMain] w.s.c.ServletWebServerApplicationContext : Root WebApplicationContext: initialization completed in 876 ms
2023-01-27 12:56:25.921  INFO 9424 --- [restartedMain] o.hibernate.jpa.internal.util.LogHelper  : HHH000204: Processing PersistenceUnitInfo [name: default]
2023-01-27 12:56:25.947  INFO 9424 --- [restartedMain] org.hibernate.Version                    : HHH000412: Hibernate ORM core version 5.6.14.Final
2023-01-27 12:56:26.028  INFO 9424 --- [restartedMain] o.hibernate.annotations.common.Version   : HCANN000001: Hibernate Commons Annotations {5.1.2.Final}
2023-01-27 12:56:26.081  INFO 9424 --- [restartedMain] com.zaxxer.hikari.HikariDataSource       : HikariPool-1 - Starting...
2023-01-27 12:56:26.245  INFO 9424 --- [restartedMain] com.zaxxer.hikari.HikariDataSource       : HikariPool-1 - Start completed.
2023-01-27 12:56:26.257  INFO 9424 --- [restartedMain] org.hibernate.dialect.Dialect            : HHH000400: Using dialect: org.hibernate.dialect.MySQL8Dialect
2023-01-27 12:56:26.379  INFO 9424 --- [restartedMain] o.h.e.t.j.p.i.JtaPlatformInitiator       : HHH000490: Using JtaPlatform implementation: [org.hibernate.engine.transaction.jta.platform.internal.NoJtaPlatform]
2023-01-27 12:56:26.385  INFO 9424 --- [restartedMain] j.LocalContainerEntityManagerFactoryBean : Initialized JPA EntityManagerFactory for persistence unit 'default'
2023-01-27 12:56:26.419  WARN 9424 --- [restartedMain] JpaBaseConfiguration$JpaWebConfiguration : spring.jpa.open-in-view is enabled by default. Therefore, database queries may be performed during view rendering. Explicitly configure spring.jpa.open-in-view to disable this warning
2023-01-27 12:56:26.513  INFO 9424 --- [restartedMain] o.s.s.web.DefaultSecurityFilterChain     : Will secure any request with [org.springframework.security.web.session.DisableEncodeUrlFilter@1533b87d, org.springframework.security.web.context.request.async.WebAsyncManagerIntegrationFilter@439a8795, org.springframework.security.web.context.SecurityContextPersistenceFilter@679414a8, org.springframework.security.web.header.HeaderWriterFilter@281fd29a, org.springframework.security.web.authentication.logout.LogoutFilter@516258b5, org.springframework.security.web.savedrequest.RequestCacheAwareFilter@152a2118, org.springframework.security.web.servletapi.SecurityContextHolderAwareRequestFilter@33410326, org.springframework.security.web.authentication.AnonymousAuthenticationFilter@da6dba8, org.springframework.security.web.session.SessionManagementFilter@2203c51b, org.springframework.security.web.access.ExceptionTranslationFilter@539ae1ab, org.springframework.security.web.access.intercept.FilterSecurityInterceptor@1512ac4f]
2023-01-27 12:56:26.623  INFO 9424 --- [restartedMain] o.s.b.a.w.s.WelcomePageHandlerMapping    : Adding welcome page template: index
2023-01-27 12:56:26.805  INFO 9424 --- [restartedMain] o.s.b.d.a.OptionalLiveReloadServer       : LiveReload server is running on port 35729
2023-01-27 12:56:26.832  INFO 9424 --- [restartedMain] o.s.b.w.embedded.tomcat.TomcatWebServer  : Tomcat started on port(s): 8181 (http) with context path '/Farmstory'
2023-01-27 12:56:26.842  INFO 9424 --- [restartedMain] kr.co.farmstory.FarmstoryApplication     : Started FarmstoryApplication in 2.229 seconds (JVM running for 2.757)
2023-01-27 12:56:27.668  INFO 9424 --- [http-nio-8181-exec-1] o.a.c.c.C.[.[localhost].[/Farmstory]     : Initializing Spring DispatcherServlet 'dispatcherServlet'
2023-01-27 12:56:27.669  INFO 9424 --- [http-nio-8181-exec-1] o.s.web.servlet.DispatcherServlet        : Initializing Servlet 'dispatcherServlet'
2023-01-27 12:56:27.670  INFO 9424 --- [http-nio-8181-exec-1] o.s.web.servlet.DispatcherServlet        : Completed initialization in 1 ms
2023-01-27 13:18:45.519  INFO 9424 --- [SpringApplicationShutdownHook] j.LocalContainerEntityManagerFactoryBean : Closing JPA EntityManagerFactory for persistence unit 'default'
2023-01-27 13:18:45.521  INFO 9424 --- [SpringApplicationShutdownHook] com.zaxxer.hikari.HikariDataSource       : HikariPool-1 - Shutdown initiated...
2023-01-27 13:18:45.526  INFO 9424 --- [SpringApplicationShutdownHook] com.zaxxer.hikari.HikariDataSource       : HikariPool-1 - Shutdown completed.
